<?xml version="1.0" encoding="UTF-8" ?>
<testsuite errors="0" failures="0" hostname="easy-lab-pedro" name="RandoopTest0" tests="136" time="0.11" timestamp="2017-12-15T17:19:38">
  <properties>
    <property name="java.runtime.name" value="Java(TM) SE Runtime Environment" />
    <property name="sun.boot.library.path" value="/usr/lib/jvm/java-8-oracle/jre/lib/amd64" />
    <property name="java.vm.version" value="25.151-b12" />
    <property name="user.country.format" value="BR" />
    <property name="ant.version" value="Apache Ant version 1.8.1 compiled on April 30 2010" />
    <property name="ant.java.version" value="1.6" />
    <property name="java.vm.vendor" value="Oracle Corporation" />
    <property name="java.vendor.url" value="http://java.oracle.com/" />
    <property name="path.separator" value=":" />
    <property name="java.vm.name" value="Java HotSpot(TM) 64-Bit Server VM" />
    <property name="file.encoding.pkg" value="sun.io" />
    <property name="user.country" value="US" />
    <property name="sun.java.launcher" value="SUN_STANDARD" />
    <property name="sun.os.patch.level" value="unknown" />
    <property name="java.vm.specification.name" value="Java Virtual Machine Specification" />
    <property name="user.dir" value="/home/pedro/Documents/Nimrod" />
    <property name="java.runtime.version" value="1.8.0_151-b12" />
    <property name="java.awt.graphicsenv" value="sun.awt.X11GraphicsEnvironment" />
    <property name="ant.file.type.1RefactoringProject" value="url" />
    <property name="basedir" value="/home/pedro/Documents/Nimrod" />
    <property name="java.endorsed.dirs" value="/usr/lib/jvm/java-8-oracle/jre/lib/endorsed" />
    <property name="os.arch" value="amd64" />
    <property name="surefire.real.class.path" value="/home/pedro/Documents/Nimrod/target/surefire/surefirebooter6686414881298905739.jar" />
    <property name="ant.project.default-target" value="run_tests" />
    <property name="java.io.tmpdir" value="/tmp" />
    <property name="ant.core.lib" value="/home/pedro/.m2/repository/org/apache/ant/ant/1.8.1/ant-1.8.1.jar" />
    <property name="line.separator" value="
" />
    <property name="libClasspath" value="/home/pedro/Documents/Nimrod/src/test/subjects/subject14source/bin" />
    <property name="java.vm.specification.vendor" value="Oracle Corporation" />
    <property name="os.name" value="Linux" />
    <property name="ant.project.name" value="1RefactoringProject" />
    <property name="binClasspath" value="/home/pedro/Documents/Nimrod/src/test/subjects/subject14source/bin" />
    <property name="sun.jnu.encoding" value="UTF-8" />
    <property name="ant.file.1RefactoringProject" value="file:/home/pedro/Documents/Nimrod/target/classes/build_run.xml" />
    <property name="java.library.path" value="/usr/java/packages/lib/amd64:/usr/lib64:/lib64:/lib:/usr/lib" />
    <property name="surefire.test.class.path" value="/home/pedro/Documents/Nimrod/target/test-classes:/home/pedro/Documents/Nimrod/target/classes:/home/pedro/.m2/repository/org/apache/ant/ant/1.8.1/ant-1.8.1.jar:/home/pedro/.m2/repository/org/apache/ant/ant-junit/1.8.1/ant-junit-1.8.1.jar:/home/pedro/.m2/repository/org/apache/ant/ant-launcher/1.8.1/ant-launcher-1.8.1.jar:/home/pedro/.m2/repository/asm/asm/3.0/asm-3.0.jar:/home/pedro/.m2/repository/org/aspectj/aspectjrt/1.8.1/aspectjrt-1.8.1.jar:/home/pedro/.m2/repository/org/aspectj/aspectjtools/1.8.1/aspectjtools-1.8.1.jar:/home/pedro/.m2/repository/org/apache/bcel/bcel/5.2/bcel-5.2.jar:/home/pedro/.m2/repository/jakarta-regexp/jakarta-regexp/1.4/jakarta-regexp-1.4.jar:/home/pedro/.m2/repository/commons-io/commons-io/1.4/commons-io-1.4.jar:/home/pedro/.m2/repository/commons-lang/commons-lang/2.4/commons-lang-2.4.jar:/home/pedro/.m2/repository/emma/emma/2.1.5320/emma-2.1.5320.jar:/home/pedro/.m2/repository/emma/emma_ant/2.1.5320/emma_ant-2.1.5320.jar:/home/pedro/.m2/repository/oro/oro/2.0.8/oro-2.0.8.jar:/home/pedro/.m2/repository/com/google/code/javaparser/javaparser/1.0.8/javaparser-1.0.8.jar:/home/pedro/.m2/repository/org/jdom/jdom/1.1.3/jdom-1.1.3.jar:/home/pedro/Documents/Nimrod/lib/junit-4.8.2.jar:/home/pedro/.m2/repository/org/tinyjee/jgraphx/jgraphx/2.0.0.1/jgraphx-2.0.0.1.jar:/home/pedro/.m2/repository/org/jgrapht/jgrapht-ext/1.0.1/jgrapht-ext-1.0.1.jar:/home/pedro/.m2/repository/org/jgrapht/jgrapht-core/1.0.1/jgrapht-core-1.0.1.jar:/home/pedro/.m2/repository/jgraph/jgraph/5.13.0.0/jgraph-5.13.0.0.jar:/home/pedro/.m2/repository/org/antlr/antlr4-runtime/4.5.3/antlr4-runtime-4.5.3.jar:/home/pedro/.m2/repository/org/eclipse/jdt/org.eclipse.jdt.core/3.10.0/org.eclipse.jdt.core-3.10.0.jar:/home/pedro/.m2/repository/org/eclipse/core/org.eclipse.core.resources/3.7.100/org.eclipse.core.resources-3.7.100.jar:/home/pedro/.m2/repository/org/eclipse/core/org.eclipse.core.expressions/3.4.300/org.eclipse.core.expressions-3.4.300.jar:/home/pedro/.m2/repository/org/eclipse/core/org.eclipse.core.runtime/3.7.0/org.eclipse.core.runtime-3.7.0.jar:/home/pedro/.m2/repository/org/eclipse/osgi/org.eclipse.osgi/3.7.1/org.eclipse.osgi-3.7.1.jar:/home/pedro/.m2/repository/org/eclipse/equinox/org.eclipse.equinox.common/3.6.0/org.eclipse.equinox.common-3.6.0.jar:/home/pedro/.m2/repository/org/eclipse/core/org.eclipse.core.jobs/3.5.100/org.eclipse.core.jobs-3.5.100.jar:/home/pedro/.m2/repository/org/eclipse/equinox/org.eclipse.equinox.registry/3.5.101/org.eclipse.equinox.registry-3.5.101.jar:/home/pedro/.m2/repository/org/eclipse/equinox/org.eclipse.equinox.preferences/3.4.1/org.eclipse.equinox.preferences-3.4.1.jar:/home/pedro/.m2/repository/org/eclipse/core/org.eclipse.core.contenttype/3.4.100/org.eclipse.core.contenttype-3.4.100.jar:/home/pedro/.m2/repository/org/eclipse/equinox/org.eclipse.equinox.app/1.3.100/org.eclipse.equinox.app-1.3.100.jar:/home/pedro/.m2/repository/org/eclipse/core/org.eclipse.core.filesystem/1.3.100/org.eclipse.core.filesystem-1.3.100.jar:/home/pedro/.m2/repository/org/eclipse/text/org.eclipse.text/3.5.101/org.eclipse.text-3.5.101.jar:/home/pedro/.m2/repository/org/eclipse/core/org.eclipse.core.commands/3.6.0/org.eclipse.core.commands-3.6.0.jar:/home/pedro/Documents/Nimrod/lib/plume.jar:" />
    <property name="java.class.version" value="52.0" />
    <property name="java.specification.name" value="Java Platform API Specification" />
    <property name="sun.management.compiler" value="HotSpot 64-Bit Tiered Compilers" />
    <property name="os.version" value="4.10.0-40-generic" />
    <property name="user.home" value="/home/pedro" />
    <property name="user.timezone" value="" />
    <property name="java.awt.printerjob" value="sun.print.PSPrinterJob" />
    <property name="java.specification.version" value="1.8" />
    <property name="file.encoding" value="UTF-8" />
    <property name="user.name" value="pedro" />
    <property name="java.class.path" value="/home/pedro/Documents/Nimrod/src/test/subjects/subject14source/bin:/home/pedro/Documents/Nimrod/src/test/subjects/subject14source/test:/home/pedro/Documents/Nimrod/target/test-classes:/home/pedro/Documents/Nimrod/target/classes:/home/pedro/.m2/repository/org/apache/ant/ant/1.8.1/ant-1.8.1.jar:/home/pedro/.m2/repository/org/apache/ant/ant-junit/1.8.1/ant-junit-1.8.1.jar:/home/pedro/.m2/repository/org/apache/ant/ant-launcher/1.8.1/ant-launcher-1.8.1.jar:/home/pedro/.m2/repository/asm/asm/3.0/asm-3.0.jar:/home/pedro/.m2/repository/org/aspectj/aspectjrt/1.8.1/aspectjrt-1.8.1.jar:/home/pedro/.m2/repository/org/aspectj/aspectjtools/1.8.1/aspectjtools-1.8.1.jar:/home/pedro/.m2/repository/org/apache/bcel/bcel/5.2/bcel-5.2.jar:/home/pedro/.m2/repository/jakarta-regexp/jakarta-regexp/1.4/jakarta-regexp-1.4.jar:/home/pedro/.m2/repository/commons-io/commons-io/1.4/commons-io-1.4.jar:/home/pedro/.m2/repository/commons-lang/commons-lang/2.4/commons-lang-2.4.jar:/home/pedro/.m2/repository/emma/emma/2.1.5320/emma-2.1.5320.jar:/home/pedro/.m2/repository/emma/emma_ant/2.1.5320/emma_ant-2.1.5320.jar:/home/pedro/.m2/repository/oro/oro/2.0.8/oro-2.0.8.jar:/home/pedro/.m2/repository/com/google/code/javaparser/javaparser/1.0.8/javaparser-1.0.8.jar:/home/pedro/.m2/repository/org/jdom/jdom/1.1.3/jdom-1.1.3.jar:/home/pedro/Documents/Nimrod/lib/junit-4.8.2.jar:/home/pedro/.m2/repository/org/tinyjee/jgraphx/jgraphx/2.0.0.1/jgraphx-2.0.0.1.jar:/home/pedro/.m2/repository/org/jgrapht/jgrapht-ext/1.0.1/jgrapht-ext-1.0.1.jar:/home/pedro/.m2/repository/org/jgrapht/jgrapht-core/1.0.1/jgrapht-core-1.0.1.jar:/home/pedro/.m2/repository/jgraph/jgraph/5.13.0.0/jgraph-5.13.0.0.jar:/home/pedro/.m2/repository/org/antlr/antlr4-runtime/4.5.3/antlr4-runtime-4.5.3.jar:/home/pedro/.m2/repository/org/eclipse/jdt/org.eclipse.jdt.core/3.10.0/org.eclipse.jdt.core-3.10.0.jar:/home/pedro/.m2/repository/org/eclipse/core/org.eclipse.core.resources/3.7.100/org.eclipse.core.resources-3.7.100.jar:/home/pedro/.m2/repository/org/eclipse/core/org.eclipse.core.expressions/3.4.300/org.eclipse.core.expressions-3.4.300.jar:/home/pedro/.m2/repository/org/eclipse/core/org.eclipse.core.runtime/3.7.0/org.eclipse.core.runtime-3.7.0.jar:/home/pedro/.m2/repository/org/eclipse/osgi/org.eclipse.osgi/3.7.1/org.eclipse.osgi-3.7.1.jar:/home/pedro/.m2/repository/org/eclipse/equinox/org.eclipse.equinox.common/3.6.0/org.eclipse.equinox.common-3.6.0.jar:/home/pedro/.m2/repository/org/eclipse/core/org.eclipse.core.jobs/3.5.100/org.eclipse.core.jobs-3.5.100.jar:/home/pedro/.m2/repository/org/eclipse/equinox/org.eclipse.equinox.registry/3.5.101/org.eclipse.equinox.registry-3.5.101.jar:/home/pedro/.m2/repository/org/eclipse/equinox/org.eclipse.equinox.preferences/3.4.1/org.eclipse.equinox.preferences-3.4.1.jar:/home/pedro/.m2/repository/org/eclipse/core/org.eclipse.core.contenttype/3.4.100/org.eclipse.core.contenttype-3.4.100.jar:/home/pedro/.m2/repository/org/eclipse/equinox/org.eclipse.equinox.app/1.3.100/org.eclipse.equinox.app-1.3.100.jar:/home/pedro/.m2/repository/org/eclipse/core/org.eclipse.core.filesystem/1.3.100/org.eclipse.core.filesystem-1.3.100.jar:/home/pedro/.m2/repository/org/eclipse/text/org.eclipse.text/3.5.101/org.eclipse.text-3.5.101.jar:/home/pedro/.m2/repository/org/eclipse/core/org.eclipse.core.commands/3.6.0/org.eclipse.core.commands-3.6.0.jar:/home/pedro/Documents/Nimrod/lib/plume.jar" />
    <property name="report.dir" value="src/test/subjects/subject14source/report" />
    <property name="java.vm.specification.version" value="1.8" />
    <property name="sun.java.command" value="org.apache.tools.ant.taskdefs.optional.junit.JUnitTestRunner RandoopTest0 filtertrace=true haltOnError=false haltOnFailure=false formatter=org.apache.tools.ant.taskdefs.optional.junit.SummaryJUnitResultFormatter showoutput=false outputtoformatters=true logfailedtests=true logtestlistenerevents=true formatter=org.apache.tools.ant.taskdefs.optional.junit.XMLJUnitResultFormatter,/home/pedro/Documents/Nimrod/src/test/subjects/subject14source/report/TEST-RandoopTest0.xml crashfile=/home/pedro/Documents/Nimrod/junitvmwatcher2629558222729699735.properties propsfile=/home/pedro/Documents/Nimrod/junit9189327725224709202.properties" />
    <property name="sun.arch.data.model" value="64" />
    <property name="java.home" value="/usr/lib/jvm/java-8-oracle/jre" />
    <property name="java.specification.vendor" value="Oracle Corporation" />
    <property name="user.language" value="en" />
    <property name="user.language.format" value="pt" />
    <property name="awt.toolkit" value="sun.awt.X11.XToolkit" />
    <property name="java.vm.info" value="mixed mode" />
    <property name="java.version" value="1.8.0_151" />
    <property name="java.ext.dirs" value="/usr/lib/jvm/java-8-oracle/jre/lib/ext:/usr/java/packages/lib/ext" />
    <property name="sun.boot.class.path" value="/usr/lib/jvm/java-8-oracle/jre/lib/resources.jar:/usr/lib/jvm/java-8-oracle/jre/lib/rt.jar:/usr/lib/jvm/java-8-oracle/jre/lib/sunrsasign.jar:/usr/lib/jvm/java-8-oracle/jre/lib/jsse.jar:/usr/lib/jvm/java-8-oracle/jre/lib/jce.jar:/usr/lib/jvm/java-8-oracle/jre/lib/charsets.jar:/usr/lib/jvm/java-8-oracle/jre/lib/jfr.jar:/usr/lib/jvm/java-8-oracle/jre/classes" />
    <property name="java.vendor" value="Oracle Corporation" />
    <property name="localRepository" value="/home/pedro/.m2/repository" />
    <property name="tests.dir" value="src/test/subjects/subject14source/test" />
    <property name="file.separator" value="/" />
    <property name="java.vendor.url.bug" value="http://bugreport.sun.com/bugreport/" />
    <property name="sun.cpu.endian" value="little" />
    <property name="sun.io.unicode.encoding" value="UnicodeLittle" />
    <property name="sun.desktop" value="gnome" />
    <property name="sun.cpu.isalist" value="" />
  </properties>
  <testcase classname="RandoopTest0" name="test35" time="0.002" />
  <testcase classname="RandoopTest0" name="test36" time="0.0" />
  <testcase classname="RandoopTest0" name="test37" time="0.0" />
  <testcase classname="RandoopTest0" name="test38" time="0.0" />
  <testcase classname="RandoopTest0" name="test39" time="0.0" />
  <testcase classname="RandoopTest0" name="test40" time="0.0" />
  <testcase classname="RandoopTest0" name="test41" time="0.0" />
  <testcase classname="RandoopTest0" name="test42" time="0.0" />
  <testcase classname="RandoopTest0" name="test43" time="0.001" />
  <testcase classname="RandoopTest0" name="test44" time="0.0" />
  <testcase classname="RandoopTest0" name="test45" time="0.0" />
  <testcase classname="RandoopTest0" name="test46" time="0.0" />
  <testcase classname="RandoopTest0" name="test47" time="0.0" />
  <testcase classname="RandoopTest0" name="test48" time="0.0" />
  <testcase classname="RandoopTest0" name="test49" time="0.0" />
  <testcase classname="RandoopTest0" name="test50" time="0.0" />
  <testcase classname="RandoopTest0" name="test51" time="0.0" />
  <testcase classname="RandoopTest0" name="test52" time="0.0" />
  <testcase classname="RandoopTest0" name="test53" time="0.0" />
  <testcase classname="RandoopTest0" name="test54" time="0.0" />
  <testcase classname="RandoopTest0" name="test55" time="0.0" />
  <testcase classname="RandoopTest0" name="test56" time="0.0" />
  <testcase classname="RandoopTest0" name="test57" time="0.0" />
  <testcase classname="RandoopTest0" name="test58" time="0.0" />
  <testcase classname="RandoopTest0" name="test59" time="0.0" />
  <testcase classname="RandoopTest0" name="test60" time="0.001" />
  <testcase classname="RandoopTest0" name="test61" time="0.0" />
  <testcase classname="RandoopTest0" name="test62" time="0.0" />
  <testcase classname="RandoopTest0" name="test63" time="0.0" />
  <testcase classname="RandoopTest0" name="test64" time="0.0" />
  <testcase classname="RandoopTest0" name="test65" time="0.0" />
  <testcase classname="RandoopTest0" name="test66" time="0.0" />
  <testcase classname="RandoopTest0" name="test67" time="0.0" />
  <testcase classname="RandoopTest0" name="test68" time="0.0" />
  <testcase classname="RandoopTest0" name="test69" time="0.0" />
  <testcase classname="RandoopTest0" name="test70" time="0.001" />
  <testcase classname="RandoopTest0" name="test71" time="0.0" />
  <testcase classname="RandoopTest0" name="test72" time="0.0" />
  <testcase classname="RandoopTest0" name="test73" time="0.0" />
  <testcase classname="RandoopTest0" name="test74" time="0.0" />
  <testcase classname="RandoopTest0" name="test75" time="0.0" />
  <testcase classname="RandoopTest0" name="test76" time="0.0" />
  <testcase classname="RandoopTest0" name="test77" time="0.001" />
  <testcase classname="RandoopTest0" name="test78" time="0.0" />
  <testcase classname="RandoopTest0" name="test79" time="0.0" />
  <testcase classname="RandoopTest0" name="test80" time="0.0" />
  <testcase classname="RandoopTest0" name="test81" time="0.0" />
  <testcase classname="RandoopTest0" name="test82" time="0.001" />
  <testcase classname="RandoopTest0" name="test83" time="0.0" />
  <testcase classname="RandoopTest0" name="test84" time="0.0" />
  <testcase classname="RandoopTest0" name="test85" time="0.0" />
  <testcase classname="RandoopTest0" name="test86" time="0.0" />
  <testcase classname="RandoopTest0" name="test2" time="0.001" />
  <testcase classname="RandoopTest0" name="test7" time="0.0" />
  <testcase classname="RandoopTest0" name="test8" time="0.001" />
  <testcase classname="RandoopTest0" name="test9" time="0.0" />
  <testcase classname="RandoopTest0" name="test10" time="0.0" />
  <testcase classname="RandoopTest0" name="test11" time="0.001" />
  <testcase classname="RandoopTest0" name="test12" time="0.0" />
  <testcase classname="RandoopTest0" name="test13" time="0.001" />
  <testcase classname="RandoopTest0" name="test14" time="0.0" />
  <testcase classname="RandoopTest0" name="test15" time="0.0" />
  <testcase classname="RandoopTest0" name="test16" time="0.0" />
  <testcase classname="RandoopTest0" name="test17" time="0.0" />
  <testcase classname="RandoopTest0" name="test18" time="0.001" />
  <testcase classname="RandoopTest0" name="test19" time="0.0" />
  <testcase classname="RandoopTest0" name="test20" time="0.0" />
  <testcase classname="RandoopTest0" name="test5" time="0.0" />
  <testcase classname="RandoopTest0" name="test6" time="0.0" />
  <testcase classname="RandoopTest0" name="test3" time="0.0" />
  <testcase classname="RandoopTest0" name="test4" time="0.0" />
  <testcase classname="RandoopTest0" name="test1" time="0.001" />
  <testcase classname="RandoopTest0" name="test21" time="0.0" />
  <testcase classname="RandoopTest0" name="test22" time="0.0" />
  <testcase classname="RandoopTest0" name="test23" time="0.0" />
  <testcase classname="RandoopTest0" name="test24" time="0.0" />
  <testcase classname="RandoopTest0" name="test25" time="0.0" />
  <testcase classname="RandoopTest0" name="test26" time="0.0" />
  <testcase classname="RandoopTest0" name="test27" time="0.0" />
  <testcase classname="RandoopTest0" name="test28" time="0.0" />
  <testcase classname="RandoopTest0" name="test29" time="0.0" />
  <testcase classname="RandoopTest0" name="test30" time="0.001" />
  <testcase classname="RandoopTest0" name="test31" time="0.0" />
  <testcase classname="RandoopTest0" name="test32" time="0.0" />
  <testcase classname="RandoopTest0" name="test33" time="0.0" />
  <testcase classname="RandoopTest0" name="test34" time="0.0" />
  <testcase classname="RandoopTest0" name="test87" time="0.0" />
  <testcase classname="RandoopTest0" name="test88" time="0.0" />
  <testcase classname="RandoopTest0" name="test89" time="0.0" />
  <testcase classname="RandoopTest0" name="test90" time="0.0" />
  <testcase classname="RandoopTest0" name="test91" time="0.001" />
  <testcase classname="RandoopTest0" name="test92" time="0.0" />
  <testcase classname="RandoopTest0" name="test93" time="0.0" />
  <testcase classname="RandoopTest0" name="test94" time="0.0" />
  <testcase classname="RandoopTest0" name="test95" time="0.0" />
  <testcase classname="RandoopTest0" name="test96" time="0.0" />
  <testcase classname="RandoopTest0" name="test97" time="0.001" />
  <testcase classname="RandoopTest0" name="test98" time="0.0" />
  <testcase classname="RandoopTest0" name="test99" time="0.0" />
  <testcase classname="RandoopTest0" name="test100" time="0.001" />
  <testcase classname="RandoopTest0" name="test101" time="0.0" />
  <testcase classname="RandoopTest0" name="test102" time="0.0" />
  <testcase classname="RandoopTest0" name="test103" time="0.001" />
  <testcase classname="RandoopTest0" name="test104" time="0.0" />
  <testcase classname="RandoopTest0" name="test105" time="0.0" />
  <testcase classname="RandoopTest0" name="test106" time="0.001" />
  <testcase classname="RandoopTest0" name="test107" time="0.0" />
  <testcase classname="RandoopTest0" name="test108" time="0.0" />
  <testcase classname="RandoopTest0" name="test109" time="0.0" />
  <testcase classname="RandoopTest0" name="test110" time="0.0" />
  <testcase classname="RandoopTest0" name="test111" time="0.0" />
  <testcase classname="RandoopTest0" name="test112" time="0.0" />
  <testcase classname="RandoopTest0" name="test113" time="0.0" />
  <testcase classname="RandoopTest0" name="test114" time="0.0" />
  <testcase classname="RandoopTest0" name="test115" time="0.0" />
  <testcase classname="RandoopTest0" name="test116" time="0.001" />
  <testcase classname="RandoopTest0" name="test117" time="0.0" />
  <testcase classname="RandoopTest0" name="test118" time="0.0" />
  <testcase classname="RandoopTest0" name="test119" time="0.0" />
  <testcase classname="RandoopTest0" name="test120" time="0.0" />
  <testcase classname="RandoopTest0" name="test121" time="0.001" />
  <testcase classname="RandoopTest0" name="test122" time="0.0" />
  <testcase classname="RandoopTest0" name="test123" time="0.0" />
  <testcase classname="RandoopTest0" name="test124" time="0.001" />
  <testcase classname="RandoopTest0" name="test125" time="0.0" />
  <testcase classname="RandoopTest0" name="test126" time="0.0" />
  <testcase classname="RandoopTest0" name="test127" time="0.0" />
  <testcase classname="RandoopTest0" name="test128" time="0.001" />
  <testcase classname="RandoopTest0" name="test129" time="0.0" />
  <testcase classname="RandoopTest0" name="test130" time="0.0" />
  <testcase classname="RandoopTest0" name="test131" time="0.0" />
  <testcase classname="RandoopTest0" name="test132" time="0.0" />
  <testcase classname="RandoopTest0" name="test133" time="0.0" />
  <testcase classname="RandoopTest0" name="test134" time="0.0" />
  <testcase classname="RandoopTest0" name="test135" time="0.0" />
  <testcase classname="RandoopTest0" name="test136" time="0.0" />
  <system-out><![CDATA[]]></system-out>
  <system-err><![CDATA[]]></system-err>
</testsuite>
